<?xml version="1.0" encoding="UTF-8" standalone="yes"?><!DOCTYPE report PUBLIC "-//JACOCO//DTD Report 1.1//EN" "report.dtd"><report name="project1"><sessioninfo id="khaleel-SW-388837ad" start="1729031692186" dump="1729031708394"/><package name="org/example/mapper"><class name="org/example/mapper/CourseMapperImpl" sourcefilename="CourseMapperImpl.java"><method name="&lt;init&gt;" desc="()V" line="12"><counter type="INSTRUCTION" missed="0" covered="3"/><counter type="LINE" missed="0" covered="1"/><counter type="COMPLEXITY" missed="0" covered="1"/><counter type="METHOD" missed="0" covered="1"/></method><method name="courseToCourseDto" desc="(Lorg/example/entities/Course;)Lorg/example/dtos/CourseDto;" line="16"><counter type="INSTRUCTION" missed="2" covered="28"/><counter type="BRANCH" missed="1" covered="1"/><counter type="LINE" missed="1" covered="7"/><counter type="COMPLEXITY" missed="1" covered="1"/><counter type="METHOD" missed="0" covered="1"/></method><method name="courseDtoToCourse" desc="(Lorg/example/dtos/CourseDto;)Lorg/example/entities/Course;" line="32"><counter type="INSTRUCTION" missed="2" covered="31"/><counter type="BRANCH" missed="2" covered="2"/><counter type="LINE" missed="1" covered="8"/><counter type="COMPLEXITY" missed="2" covered="1"/><counter type="METHOD" missed="0" covered="1"/></method><counter type="INSTRUCTION" missed="4" covered="62"/><counter type="BRANCH" missed="3" covered="3"/><counter type="LINE" missed="2" covered="16"/><counter type="COMPLEXITY" missed="3" covered="3"/><counter type="METHOD" missed="0" covered="3"/><counter type="CLASS" missed="0" covered="1"/></class><class name="org/example/mapper/CourseMapper" sourcefilename="CourseMapper.java"/><class name="org/example/mapper/AuthorMapperImpl" sourcefilename="AuthorMapperImpl.java"><method name="&lt;init&gt;" desc="()V" line="12"><counter type="INSTRUCTION" missed="0" covered="3"/><counter type="LINE" missed="0" covered="1"/><counter type="COMPLEXITY" missed="0" covered="1"/><counter type="METHOD" missed="0" covered="1"/></method><method name="authorToAuthorDto" desc="(Lorg/example/entities/Author;)Lorg/example/dtos/AuthorDto;" line="16"><counter type="INSTRUCTION" missed="2" covered="22"/><counter type="BRANCH" missed="1" covered="1"/><counter type="LINE" missed="1" covered="6"/><counter type="COMPLEXITY" missed="1" covered="1"/><counter type="METHOD" missed="0" covered="1"/></method><method name="authorDtoToAuthor" desc="(Lorg/example/dtos/AuthorDto;)Lorg/example/entities/Author;" line="31"><counter type="INSTRUCTION" missed="2" covered="20"/><counter type="BRANCH" missed="1" covered="1"/><counter type="LINE" missed="1" covered="6"/><counter type="COMPLEXITY" missed="1" covered="1"/><counter type="METHOD" missed="0" covered="1"/></method><counter type="INSTRUCTION" missed="4" covered="45"/><counter type="BRANCH" missed="2" covered="2"/><counter type="LINE" missed="2" covered="13"/><counter type="COMPLEXITY" missed="2" covered="3"/><counter type="METHOD" missed="0" covered="3"/><counter type="CLASS" missed="0" covered="1"/></class><class name="org/example/mapper/AuthorMapper" sourcefilename="AuthorMapper.java"/><sourcefile name="CourseMapperImpl.java"><line nr="12" mi="0" ci="3" mb="0" cb="0"/><line nr="16" mi="0" ci="2" mb="1" cb="1"/><line nr="17" mi="2" ci="0" mb="0" cb="0"/><line nr="20" mi="0" ci="2" mb="0" cb="0"/><line nr="22" mi="0" ci="5" mb="0" cb="0"/><line nr="23" mi="0" ci="5" mb="0" cb="0"/><line nr="24" mi="0" ci="5" mb="0" cb="0"/><line nr="25" mi="0" ci="6" mb="0" cb="0"/><line nr="27" mi="0" ci="3" mb="0" cb="0"/><line nr="32" mi="0" ci="2" mb="1" cb="1"/><line nr="33" mi="2" ci="0" mb="0" cb="0"/><line nr="36" mi="0" ci="2" mb="0" cb="0"/><line nr="38" mi="0" ci="5" mb="0" cb="0"/><line nr="39" mi="0" ci="5" mb="0" cb="0"/><line nr="40" mi="0" ci="5" mb="0" cb="0"/><line nr="41" mi="0" ci="3" mb="1" cb="1"/><line nr="42" mi="0" ci="6" mb="0" cb="0"/><line nr="45" mi="0" ci="3" mb="0" cb="0"/><counter type="INSTRUCTION" missed="4" covered="62"/><counter type="BRANCH" missed="3" covered="3"/><counter type="LINE" missed="2" covered="16"/><counter type="COMPLEXITY" missed="3" covered="3"/><counter type="METHOD" missed="0" covered="3"/><counter type="CLASS" missed="0" covered="1"/></sourcefile><sourcefile name="CourseMapper.java"/><sourcefile name="AuthorMapperImpl.java"><line nr="12" mi="0" ci="3" mb="0" cb="0"/><line nr="16" mi="0" ci="2" mb="1" cb="1"/><line nr="17" mi="2" ci="0" mb="0" cb="0"/><line nr="20" mi="0" ci="2" mb="0" cb="0"/><line nr="22" mi="0" ci="5" mb="0" cb="0"/><line nr="23" mi="0" ci="5" mb="0" cb="0"/><line nr="24" mi="0" ci="5" mb="0" cb="0"/><line nr="26" mi="0" ci="3" mb="0" cb="0"/><line nr="31" mi="0" ci="2" mb="1" cb="1"/><line nr="32" mi="2" ci="0" mb="0" cb="0"/><line nr="35" mi="0" ci="4" mb="0" cb="0"/><line nr="37" mi="0" ci="4" mb="0" cb="0"/><line nr="38" mi="0" ci="4" mb="0" cb="0"/><line nr="39" mi="0" ci="4" mb="0" cb="0"/><line nr="41" mi="0" ci="2" mb="0" cb="0"/><counter type="INSTRUCTION" missed="4" covered="45"/><counter type="BRANCH" missed="2" covered="2"/><counter type="LINE" missed="2" covered="13"/><counter type="COMPLEXITY" missed="2" covered="3"/><counter type="METHOD" missed="0" covered="3"/><counter type="CLASS" missed="0" covered="1"/></sourcefile><sourcefile name="AuthorMapper.java"/><counter type="INSTRUCTION" missed="8" covered="107"/><counter type="BRANCH" missed="5" covered="5"/><counter type="LINE" missed="4" covered="29"/><counter type="COMPLEXITY" missed="5" covered="6"/><counter type="METHOD" missed="0" covered="6"/><counter type="CLASS" missed="0" covered="2"/></package><package name="org/example/controller"><class name="org/example/controller/AuthorController" sourcefilename="AuthorController.java"><method name="&lt;init&gt;" desc="(Lorg/example/services/AuthorService;)V" line="17"><counter type="INSTRUCTION" missed="0" covered="6"/><counter type="LINE" missed="0" covered="3"/><counter type="COMPLEXITY" missed="0" covered="1"/><counter type="METHOD" missed="0" covered="1"/></method><method name="addAuthor" desc="(ILorg/example/dtos/AuthorDto;)Lorg/springframework/http/ResponseEntity;" line="23"><counter type="INSTRUCTION" missed="0" covered="8"/><counter type="LINE" missed="0" covered="2"/><counter type="COMPLEXITY" missed="0" covered="1"/><counter type="METHOD" missed="0" covered="1"/></method><method name="getAuthorByEmail" desc="(Ljava/lang/String;)Lorg/springframework/http/ResponseEntity;" line="29"><counter type="INSTRUCTION" missed="0" covered="9"/><counter type="LINE" missed="0" covered="2"/><counter type="COMPLEXITY" missed="0" covered="1"/><counter type="METHOD" missed="0" covered="1"/></method><counter type="INSTRUCTION" missed="0" covered="23"/><counter type="LINE" missed="0" covered="7"/><counter type="COMPLEXITY" missed="0" covered="3"/><counter type="METHOD" missed="0" covered="3"/><counter type="CLASS" missed="0" covered="1"/></class><class name="org/example/controller/CourseController" sourcefilename="CourseController.java"><method name="&lt;init&gt;" desc="(Lorg/example/services/CourseService;Lorg/example/services/CourseServiceJDBC;)V" line="24"><counter type="INSTRUCTION" missed="0" covered="9"/><counter type="LINE" missed="0" covered="4"/><counter type="COMPLEXITY" missed="0" covered="1"/><counter type="METHOD" missed="0" covered="1"/></method><method name="addCourse" desc="(Lorg/example/dtos/CourseDto;)Lorg/springframework/http/ResponseEntity;" line="32"><counter type="INSTRUCTION" missed="0" covered="8"/><counter type="LINE" missed="0" covered="2"/><counter type="COMPLEXITY" missed="0" covered="1"/><counter type="METHOD" missed="0" covered="1"/></method><method name="updateCourse" desc="(Lorg/example/dtos/CourseDto;I)Lorg/springframework/http/ResponseEntity;" line="38"><counter type="INSTRUCTION" missed="0" covered="9"/><counter type="LINE" missed="0" covered="2"/><counter type="COMPLEXITY" missed="0" covered="1"/><counter type="METHOD" missed="0" covered="1"/></method><method name="updateCourse" desc="(ILorg/example/dtos/CourseDto;)Lorg/springframework/http/ResponseEntity;" line="45"><counter type="INSTRUCTION" missed="0" covered="8"/><counter type="LINE" missed="0" covered="2"/><counter type="COMPLEXITY" missed="0" covered="1"/><counter type="METHOD" missed="0" covered="1"/></method><method name="viewCourse" desc="(I)Lorg/springframework/http/ResponseEntity;" line="52"><counter type="INSTRUCTION" missed="0" covered="8"/><counter type="LINE" missed="0" covered="2"/><counter type="COMPLEXITY" missed="0" covered="1"/><counter type="METHOD" missed="0" covered="1"/></method><method name="deleteCourse" desc="(I)Lorg/springframework/http/ResponseEntity;" line="58"><counter type="INSTRUCTION" missed="0" covered="7"/><counter type="LINE" missed="0" covered="2"/><counter type="COMPLEXITY" missed="0" covered="1"/><counter type="METHOD" missed="0" covered="1"/></method><method name="getRecommendedCourses" desc="(II[Ljava/lang/String;)Lorg/springframework/http/ResponseEntity;" line="64"><counter type="INSTRUCTION" missed="0" covered="14"/><counter type="LINE" missed="0" covered="3"/><counter type="COMPLEXITY" missed="0" covered="1"/><counter type="METHOD" missed="0" covered="1"/></method><counter type="INSTRUCTION" missed="0" covered="63"/><counter type="LINE" missed="0" covered="17"/><counter type="COMPLEXITY" missed="0" covered="7"/><counter type="METHOD" missed="0" covered="7"/><counter type="CLASS" missed="0" covered="1"/></class><sourcefile name="AuthorController.java"><line nr="17" mi="0" ci="2" mb="0" cb="0"/><line nr="18" mi="0" ci="3" mb="0" cb="0"/><line nr="19" mi="0" ci="1" mb="0" cb="0"/><line nr="23" mi="0" ci="5" mb="0" cb="0"/><line nr="24" mi="0" ci="3" mb="0" cb="0"/><line nr="29" mi="0" ci="5" mb="0" cb="0"/><line nr="30" mi="0" ci="4" mb="0" cb="0"/><counter type="INSTRUCTION" missed="0" covered="23"/><counter type="LINE" missed="0" covered="7"/><counter type="COMPLEXITY" missed="0" covered="3"/><counter type="METHOD" missed="0" covered="3"/><counter type="CLASS" missed="0" covered="1"/></sourcefile><sourcefile name="CourseController.java"><line nr="24" mi="0" ci="2" mb="0" cb="0"/><line nr="25" mi="0" ci="3" mb="0" cb="0"/><line nr="26" mi="0" ci="3" mb="0" cb="0"/><line nr="27" mi="0" ci="1" mb="0" cb="0"/><line nr="32" mi="0" ci="5" mb="0" cb="0"/><line nr="33" mi="0" ci="3" mb="0" cb="0"/><line nr="38" mi="0" ci="6" mb="0" cb="0"/><line nr="39" mi="0" ci="3" mb="0" cb="0"/><line nr="45" mi="0" ci="5" mb="0" cb="0"/><line nr="47" mi="0" ci="3" mb="0" cb="0"/><line nr="52" mi="0" ci="5" mb="0" cb="0"/><line nr="53" mi="0" ci="3" mb="0" cb="0"/><line nr="58" mi="0" ci="4" mb="0" cb="0"/><line nr="59" mi="0" ci="3" mb="0" cb="0"/><line nr="64" mi="0" ci="6" mb="0" cb="0"/><line nr="65" mi="0" ci="5" mb="0" cb="0"/><line nr="66" mi="0" ci="3" mb="0" cb="0"/><counter type="INSTRUCTION" missed="0" covered="63"/><counter type="LINE" missed="0" covered="17"/><counter type="COMPLEXITY" missed="0" covered="7"/><counter type="METHOD" missed="0" covered="7"/><counter type="CLASS" missed="0" covered="1"/></sourcefile><counter type="INSTRUCTION" missed="0" covered="86"/><counter type="LINE" missed="0" covered="24"/><counter type="COMPLEXITY" missed="0" covered="10"/><counter type="METHOD" missed="0" covered="10"/><counter type="CLASS" missed="0" covered="2"/></package><package name="org/example/exception"><class name="org/example/exception/AuthorNotFoundException" sourcefilename="AuthorNotFoundException.java"><method name="&lt;init&gt;" desc="(Ljava/lang/String;)V" line="6"><counter type="INSTRUCTION" missed="0" covered="4"/><counter type="LINE" missed="0" covered="2"/><counter type="COMPLEXITY" missed="0" covered="1"/><counter type="METHOD" missed="0" covered="1"/></method><counter type="INSTRUCTION" missed="0" covered="4"/><counter type="LINE" missed="0" covered="2"/><counter type="COMPLEXITY" missed="0" covered="1"/><counter type="METHOD" missed="0" covered="1"/><counter type="CLASS" missed="0" covered="1"/></class><class name="org/example/exception/CourseNotFoundException" sourcefilename="CourseNotFoundException.java"><method name="&lt;init&gt;" desc="(Ljava/lang/String;)V" line="6"><counter type="INSTRUCTION" missed="0" covered="4"/><counter type="LINE" missed="0" covered="2"/><counter type="COMPLEXITY" missed="0" covered="1"/><counter type="METHOD" missed="0" covered="1"/></method><counter type="INSTRUCTION" missed="0" covered="4"/><counter type="LINE" missed="0" covered="2"/><counter type="COMPLEXITY" missed="0" covered="1"/><counter type="METHOD" missed="0" covered="1"/><counter type="CLASS" missed="0" covered="1"/></class><class name="org/example/exception/ExceptionHandlerClass" sourcefilename="ExceptionHandlerClass.java"><method name="&lt;init&gt;" desc="()V" line="9"><counter type="INSTRUCTION" missed="0" covered="3"/><counter type="LINE" missed="0" covered="1"/><counter type="COMPLEXITY" missed="0" covered="1"/><counter type="METHOD" missed="0" covered="1"/></method><method name="handleCourseNotFoundException" desc="(Lorg/example/exception/CourseNotFoundException;)Lorg/springframework/http/ResponseEntity;" line="13"><counter type="INSTRUCTION" missed="0" covered="5"/><counter type="LINE" missed="0" covered="1"/><counter type="COMPLEXITY" missed="0" covered="1"/><counter type="METHOD" missed="0" covered="1"/></method><method name="handleHttpMessageNotReadableException" desc="(Lorg/springframework/http/converter/HttpMessageNotReadableException;)Lorg/springframework/http/ResponseEntity;" line="18"><counter type="INSTRUCTION" missed="5" covered="0"/><counter type="LINE" missed="1" covered="0"/><counter type="COMPLEXITY" missed="1" covered="0"/><counter type="METHOD" missed="1" covered="0"/></method><method name="handleAuthorNotFoundException" desc="(Lorg/example/exception/AuthorNotFoundException;)Lorg/springframework/http/ResponseEntity;" line="23"><counter type="INSTRUCTION" missed="0" covered="5"/><counter type="LINE" missed="0" covered="1"/><counter type="COMPLEXITY" missed="0" covered="1"/><counter type="METHOD" missed="0" covered="1"/></method><counter type="INSTRUCTION" missed="5" covered="13"/><counter type="LINE" missed="1" covered="3"/><counter type="COMPLEXITY" missed="1" covered="3"/><counter type="METHOD" missed="1" covered="3"/><counter type="CLASS" missed="0" covered="1"/></class><sourcefile name="AuthorNotFoundException.java"><line nr="6" mi="0" ci="3" mb="0" cb="0"/><line nr="7" mi="0" ci="1" mb="0" cb="0"/><counter type="INSTRUCTION" missed="0" covered="4"/><counter type="LINE" missed="0" covered="2"/><counter type="COMPLEXITY" missed="0" covered="1"/><counter type="METHOD" missed="0" covered="1"/><counter type="CLASS" missed="0" covered="1"/></sourcefile><sourcefile name="ExceptionHandlerClass.java"><line nr="9" mi="0" ci="3" mb="0" cb="0"/><line nr="13" mi="0" ci="5" mb="0" cb="0"/><line nr="18" mi="5" ci="0" mb="0" cb="0"/><line nr="23" mi="0" ci="5" mb="0" cb="0"/><counter type="INSTRUCTION" missed="5" covered="13"/><counter type="LINE" missed="1" covered="3"/><counter type="COMPLEXITY" missed="1" covered="3"/><counter type="METHOD" missed="1" covered="3"/><counter type="CLASS" missed="0" covered="1"/></sourcefile><sourcefile name="CourseNotFoundException.java"><line nr="6" mi="0" ci="3" mb="0" cb="0"/><line nr="7" mi="0" ci="1" mb="0" cb="0"/><counter type="INSTRUCTION" missed="0" covered="4"/><counter type="LINE" missed="0" covered="2"/><counter type="COMPLEXITY" missed="0" covered="1"/><counter type="METHOD" missed="0" covered="1"/><counter type="CLASS" missed="0" covered="1"/></sourcefile><counter type="INSTRUCTION" missed="5" covered="21"/><counter type="LINE" missed="1" covered="7"/><counter type="COMPLEXITY" missed="1" covered="5"/><counter type="METHOD" missed="1" covered="5"/><counter type="CLASS" missed="0" covered="3"/></package><package name="org/example/dtos"><class name="org/example/dtos/AuthorDto$AuthorDtoBuilder" sourcefilename="AuthorDto.java"/><class name="org/example/dtos/RatingDto" sourcefilename="RatingDto.java"><method name="&lt;clinit&gt;" desc="()V" line="7"><counter type="INSTRUCTION" missed="4" covered="0"/><counter type="LINE" missed="1" covered="0"/><counter type="COMPLEXITY" missed="1" covered="0"/><counter type="METHOD" missed="1" covered="0"/></method><counter type="INSTRUCTION" missed="4" covered="0"/><counter type="LINE" missed="1" covered="0"/><counter type="COMPLEXITY" missed="1" covered="0"/><counter type="METHOD" missed="1" covered="0"/><counter type="CLASS" missed="1" covered="0"/></class><class name="org/example/dtos/CourseDto$CourseDtoBuilder" sourcefilename="CourseDto.java"/><class name="org/example/dtos/AssessmentDto" sourcefilename="AssessmentDto.java"/><class name="org/example/dtos/AuthorDto" sourcefilename="AuthorDto.java"/><class name="org/example/dtos/CourseDto" sourcefilename="CourseDto.java"><method name="&lt;clinit&gt;" desc="()V" line="12"><counter type="INSTRUCTION" missed="0" covered="4"/><counter type="LINE" missed="0" covered="1"/><counter type="COMPLEXITY" missed="0" covered="1"/><counter type="METHOD" missed="0" covered="1"/></method><counter type="INSTRUCTION" missed="0" covered="4"/><counter type="LINE" missed="0" covered="1"/><counter type="COMPLEXITY" missed="0" covered="1"/><counter type="METHOD" missed="0" covered="1"/><counter type="CLASS" missed="0" covered="1"/></class><sourcefile name="AssessmentDto.java"/><sourcefile name="CourseDto.java"><line nr="12" mi="0" ci="4" mb="0" cb="0"/><counter type="INSTRUCTION" missed="0" covered="4"/><counter type="LINE" missed="0" covered="1"/><counter type="COMPLEXITY" missed="0" covered="1"/><counter type="METHOD" missed="0" covered="1"/><counter type="CLASS" missed="0" covered="1"/></sourcefile><sourcefile name="RatingDto.java"><line nr="7" mi="4" ci="0" mb="0" cb="0"/><counter type="INSTRUCTION" missed="4" covered="0"/><counter type="LINE" missed="1" covered="0"/><counter type="COMPLEXITY" missed="1" covered="0"/><counter type="METHOD" missed="1" covered="0"/><counter type="CLASS" missed="1" covered="0"/></sourcefile><sourcefile name="AuthorDto.java"/><counter type="INSTRUCTION" missed="4" covered="4"/><counter type="LINE" missed="1" covered="1"/><counter type="COMPLEXITY" missed="1" covered="1"/><counter type="METHOD" missed="1" covered="1"/><counter type="CLASS" missed="1" covered="1"/></package><package name="org/example/services"><class name="org/example/services/AuthorService" sourcefilename="AuthorService.java"><method name="&lt;init&gt;" desc="(Lorg/example/repository/AuthorRepository;Lorg/example/mapper/AuthorMapper;)V" line="20"><counter type="INSTRUCTION" missed="0" covered="9"/><counter type="LINE" missed="0" covered="4"/><counter type="COMPLEXITY" missed="0" covered="1"/><counter type="METHOD" missed="0" covered="1"/></method><method name="getAuthorByEmail" desc="(Ljava/lang/String;)Lorg/example/dtos/AuthorDto;" line="28"><counter type="INSTRUCTION" missed="0" covered="13"/><counter type="LINE" missed="0" covered="4"/><counter type="COMPLEXITY" missed="0" covered="1"/><counter type="METHOD" missed="0" covered="1"/></method><method name="addAuthor" desc="(Lorg/example/dtos/AuthorDto;)Lorg/example/dtos/AuthorDto;" line="37"><counter type="INSTRUCTION" missed="0" covered="16"/><counter type="LINE" missed="0" covered="3"/><counter type="COMPLEXITY" missed="0" covered="1"/><counter type="METHOD" missed="0" covered="1"/></method><method name="lambda$getAuthorByEmail$0" desc="()Lorg/example/exception/AuthorNotFoundException;" line="31"><counter type="INSTRUCTION" missed="5" covered="0"/><counter type="LINE" missed="1" covered="0"/><counter type="COMPLEXITY" missed="1" covered="0"/><counter type="METHOD" missed="1" covered="0"/></method><counter type="INSTRUCTION" missed="5" covered="38"/><counter type="LINE" missed="0" covered="11"/><counter type="COMPLEXITY" missed="1" covered="3"/><counter type="METHOD" missed="1" covered="3"/><counter type="CLASS" missed="0" covered="1"/></class><class name="org/example/services/CourseServiceJDBC" sourcefilename="CourseServiceJDBC.java"><method name="&lt;init&gt;" desc="(Lorg/example/repository/CourseRepositoryJDBC;)V" line="17"><counter type="INSTRUCTION" missed="0" covered="6"/><counter type="LINE" missed="0" covered="3"/><counter type="COMPLEXITY" missed="0" covered="1"/><counter type="METHOD" missed="0" covered="1"/></method><method name="addCourse" desc="(Lorg/example/dtos/CourseDto;)V" line="23"><counter type="INSTRUCTION" missed="13" covered="0"/><counter type="LINE" missed="2" covered="0"/><counter type="COMPLEXITY" missed="1" covered="0"/><counter type="METHOD" missed="1" covered="0"/></method><method name="deleteCourse" desc="(Lorg/example/dtos/CourseDto;)V" line="27"><counter type="INSTRUCTION" missed="6" covered="0"/><counter type="LINE" missed="2" covered="0"/><counter type="COMPLEXITY" missed="1" covered="0"/><counter type="METHOD" missed="1" covered="0"/></method><method name="updateCourse" desc="(ILorg/example/dtos/CourseDto;)V" line="31"><counter type="INSTRUCTION" missed="7" covered="0"/><counter type="LINE" missed="2" covered="0"/><counter type="COMPLEXITY" missed="1" covered="0"/><counter type="METHOD" missed="1" covered="0"/></method><method name="viewCourse" desc="(I)Lorg/example/dtos/CourseDto;" line="35"><counter type="INSTRUCTION" missed="28" covered="0"/><counter type="LINE" missed="7" covered="0"/><counter type="COMPLEXITY" missed="1" covered="0"/><counter type="METHOD" missed="1" covered="0"/></method><counter type="INSTRUCTION" missed="54" covered="6"/><counter type="LINE" missed="13" covered="3"/><counter type="COMPLEXITY" missed="4" covered="1"/><counter type="METHOD" missed="4" covered="1"/><counter type="CLASS" missed="0" covered="1"/></class><class name="org/example/services/CourseService" sourcefilename="CourseService.java"><method name="&lt;init&gt;" desc="(Lorg/example/repository/CourseRepository;Lorg/example/mapper/CourseMapper;)V" line="23"><counter type="INSTRUCTION" missed="0" covered="9"/><counter type="LINE" missed="0" covered="4"/><counter type="COMPLEXITY" missed="0" covered="1"/><counter type="METHOD" missed="0" covered="1"/></method><method name="viewCourse" desc="(I)Lorg/example/dtos/CourseDto;" line="30"><counter type="INSTRUCTION" missed="5" covered="20"/><counter type="BRANCH" missed="1" covered="1"/><counter type="LINE" missed="1" covered="3"/><counter type="COMPLEXITY" missed="1" covered="1"/><counter type="METHOD" missed="0" covered="1"/></method><method name="addCourse" desc="(Lorg/example/dtos/CourseDto;)Lorg/example/dtos/CourseDto;" line="38"><counter type="INSTRUCTION" missed="0" covered="16"/><counter type="LINE" missed="0" covered="3"/><counter type="COMPLEXITY" missed="0" covered="1"/><counter type="METHOD" missed="0" covered="1"/></method><method name="updateCourse" desc="(ILorg/example/dtos/CourseDto;)Lorg/example/dtos/CourseDto;" line="45"><counter type="INSTRUCTION" missed="5" covered="39"/><counter type="BRANCH" missed="1" covered="1"/><counter type="LINE" missed="1" covered="7"/><counter type="COMPLEXITY" missed="1" covered="1"/><counter type="METHOD" missed="0" covered="1"/></method><method name="deleteCourse" desc="(I)V" line="59"><counter type="INSTRUCTION" missed="5" covered="13"/><counter type="BRANCH" missed="1" covered="1"/><counter type="LINE" missed="1" covered="3"/><counter type="COMPLEXITY" missed="1" covered="1"/><counter type="METHOD" missed="0" covered="1"/></method><method name="viewAllCourses" desc="(Lorg/springframework/data/domain/Pageable;)Lorg/springframework/data/domain/Page;" line="67"><counter type="INSTRUCTION" missed="0" covered="12"/><counter type="LINE" missed="0" covered="3"/><counter type="COMPLEXITY" missed="0" covered="1"/><counter type="METHOD" missed="0" covered="1"/></method><counter type="INSTRUCTION" missed="15" covered="109"/><counter type="BRANCH" missed="3" covered="3"/><counter type="LINE" missed="3" covered="23"/><counter type="COMPLEXITY" missed="3" covered="6"/><counter type="METHOD" missed="0" covered="6"/><counter type="CLASS" missed="0" covered="1"/></class><sourcefile name="CourseServiceJDBC.java"><line nr="17" mi="0" ci="2" mb="0" cb="0"/><line nr="18" mi="0" ci="3" mb="0" cb="0"/><line nr="19" mi="0" ci="1" mb="0" cb="0"/><line nr="23" mi="12" ci="0" mb="0" cb="0"/><line nr="24" mi="1" ci="0" mb="0" cb="0"/><line nr="27" mi="5" ci="0" mb="0" cb="0"/><line nr="28" mi="1" ci="0" mb="0" cb="0"/><line nr="31" mi="6" ci="0" mb="0" cb="0"/><line nr="32" mi="1" ci="0" mb="0" cb="0"/><line nr="35" mi="5" ci="0" mb="0" cb="0"/><line nr="36" mi="4" ci="0" mb="0" cb="0"/><line nr="37" mi="4" ci="0" mb="0" cb="0"/><line nr="38" mi="4" ci="0" mb="0" cb="0"/><line nr="39" mi="4" ci="0" mb="0" cb="0"/><line nr="40" mi="5" ci="0" mb="0" cb="0"/><line nr="41" mi="2" ci="0" mb="0" cb="0"/><counter type="INSTRUCTION" missed="54" covered="6"/><counter type="LINE" missed="13" covered="3"/><counter type="COMPLEXITY" missed="4" covered="1"/><counter type="METHOD" missed="4" covered="1"/><counter type="CLASS" missed="0" covered="1"/></sourcefile><sourcefile name="AuthorService.java"><line nr="20" mi="0" ci="2" mb="0" cb="0"/><line nr="21" mi="0" ci="3" mb="0" cb="0"/><line nr="22" mi="0" ci="3" mb="0" cb="0"/><line nr="23" mi="0" ci="1" mb="0" cb="0"/><line nr="28" mi="0" ci="3" mb="0" cb="0"/><line nr="30" mi="0" ci="2" mb="0" cb="0"/><line nr="31" mi="5" ci="3" mb="0" cb="0"/><line nr="33" mi="0" ci="5" mb="0" cb="0"/><line nr="37" mi="0" ci="5" mb="0" cb="0"/><line nr="38" mi="0" ci="6" mb="0" cb="0"/><line nr="39" mi="0" ci="5" mb="0" cb="0"/><counter type="INSTRUCTION" missed="5" covered="38"/><counter type="LINE" missed="0" covered="11"/><counter type="COMPLEXITY" missed="1" covered="3"/><counter type="METHOD" missed="1" covered="3"/><counter type="CLASS" missed="0" covered="1"/></sourcefile><sourcefile name="CourseService.java"><line nr="23" mi="0" ci="2" mb="0" cb="0"/><line nr="24" mi="0" ci="3" mb="0" cb="0"/><line nr="25" mi="0" ci="3" mb="0" cb="0"/><line nr="26" mi="0" ci="1" mb="0" cb="0"/><line nr="30" mi="0" ci="7" mb="1" cb="1"/><line nr="31" mi="5" ci="0" mb="0" cb="0"/><line nr="33" mi="0" ci="8" mb="0" cb="0"/><line nr="34" mi="0" ci="5" mb="0" cb="0"/><line nr="38" mi="0" ci="5" mb="0" cb="0"/><line nr="39" mi="0" ci="6" mb="0" cb="0"/><line nr="40" mi="0" ci="5" mb="0" cb="0"/><line nr="45" mi="0" ci="7" mb="1" cb="1"/><line nr="46" mi="5" ci="0" mb="0" cb="0"/><line nr="48" mi="0" ci="8" mb="0" cb="0"/><line nr="49" mi="0" ci="4" mb="0" cb="0"/><line nr="50" mi="0" ci="4" mb="0" cb="0"/><line nr="51" mi="0" ci="5" mb="0" cb="0"/><line nr="52" mi="0" ci="6" mb="0" cb="0"/><line nr="53" mi="0" ci="5" mb="0" cb="0"/><line nr="59" mi="0" ci="7" mb="1" cb="1"/><line nr="60" mi="5" ci="0" mb="0" cb="0"/><line nr="62" mi="0" ci="5" mb="0" cb="0"/><line nr="63" mi="0" ci="1" mb="0" cb="0"/><line nr="67" mi="0" ci="4" mb="0" cb="0"/><line nr="68" mi="0" ci="4" mb="0" cb="0"/><line nr="69" mi="0" ci="4" mb="0" cb="0"/><counter type="INSTRUCTION" missed="15" covered="109"/><counter type="BRANCH" missed="3" covered="3"/><counter type="LINE" missed="3" covered="23"/><counter type="COMPLEXITY" missed="3" covered="6"/><counter type="METHOD" missed="0" covered="6"/><counter type="CLASS" missed="0" covered="1"/></sourcefile><counter type="INSTRUCTION" missed="74" covered="153"/><counter type="BRANCH" missed="3" covered="3"/><counter type="LINE" missed="16" covered="37"/><counter type="COMPLEXITY" missed="8" covered="10"/><counter type="METHOD" missed="5" covered="10"/><counter type="CLASS" missed="0" covered="3"/></package><package name="org/example/config"><class name="org/example/config/CourseRecommenderConfig" sourcefilename="CourseRecommenderConfig.java"><method name="&lt;init&gt;" desc="()V" line="18"><counter type="INSTRUCTION" missed="0" covered="3"/><counter type="LINE" missed="0" covered="1"/><counter type="COMPLEXITY" missed="0" covered="1"/><counter type="METHOD" missed="0" covered="1"/></method><method name="primaryRecommender" desc="()Lorg/example/CourseRecommender;" line="27"><counter type="INSTRUCTION" missed="4" covered="0"/><counter type="LINE" missed="1" covered="0"/><counter type="COMPLEXITY" missed="1" covered="0"/><counter type="METHOD" missed="1" covered="0"/></method><method name="secondaryRecommender" desc="()Lorg/example/CourseRecommenderImpl2;" line="33"><counter type="INSTRUCTION" missed="0" covered="4"/><counter type="LINE" missed="0" covered="1"/><counter type="COMPLEXITY" missed="0" covered="1"/><counter type="METHOD" missed="0" covered="1"/></method><method name="courseMapper" desc="()Lorg/example/mapper/CourseMapper;" line="39"><counter type="INSTRUCTION" missed="0" covered="4"/><counter type="LINE" missed="0" covered="1"/><counter type="COMPLEXITY" missed="0" covered="1"/><counter type="METHOD" missed="0" covered="1"/></method><method name="authorMapper" desc="()Lorg/example/mapper/AuthorMapper;" line="44"><counter type="INSTRUCTION" missed="0" covered="4"/><counter type="LINE" missed="0" covered="1"/><counter type="COMPLEXITY" missed="0" covered="1"/><counter type="METHOD" missed="0" covered="1"/></method><counter type="INSTRUCTION" missed="4" covered="15"/><counter type="LINE" missed="1" covered="4"/><counter type="COMPLEXITY" missed="1" covered="4"/><counter type="METHOD" missed="1" covered="4"/><counter type="CLASS" missed="0" covered="1"/></class><sourcefile name="CourseRecommenderConfig.java"><line nr="18" mi="0" ci="3" mb="0" cb="0"/><line nr="27" mi="4" ci="0" mb="0" cb="0"/><line nr="33" mi="0" ci="4" mb="0" cb="0"/><line nr="39" mi="0" ci="4" mb="0" cb="0"/><line nr="44" mi="0" ci="4" mb="0" cb="0"/><counter type="INSTRUCTION" missed="4" covered="15"/><counter type="LINE" missed="1" covered="4"/><counter type="COMPLEXITY" missed="1" covered="4"/><counter type="METHOD" missed="1" covered="4"/><counter type="CLASS" missed="0" covered="1"/></sourcefile><counter type="INSTRUCTION" missed="4" covered="15"/><counter type="LINE" missed="1" covered="4"/><counter type="COMPLEXITY" missed="1" covered="4"/><counter type="METHOD" missed="1" covered="4"/><counter type="CLASS" missed="0" covered="1"/></package><package name="org/example/entities"><class name="org/example/entities/Author" sourcefilename="Author.java"/><class name="org/example/entities/Rating" sourcefilename="Rating.java"/><class name="org/example/entities/Course" sourcefilename="Course.java"/><class name="org/example/entities/Assessment" sourcefilename="Assessment.java"/><class name="org/example/entities/Course$CourseBuilder" sourcefilename="Course.java"/><sourcefile name="Course.java"/><sourcefile name="Assessment.java"/><sourcefile name="Rating.java"/><sourcefile name="Author.java"/></package><package name="org/example/repository"><class name="org/example/repository/AuthorRepository" sourcefilename="AuthorRepository.java"/><class name="org/example/repository/CourseRepositoryJDBC" sourcefilename="CourseRepositoryJDBC.java"><method name="&lt;init&gt;" desc="(Lorg/example/CourseRecommender;Lorg/springframework/jdbc/core/JdbcTemplate;)V" line="26"><counter type="INSTRUCTION" missed="0" covered="9"/><counter type="LINE" missed="0" covered="4"/><counter type="COMPLEXITY" missed="0" covered="1"/><counter type="METHOD" missed="0" covered="1"/></method><method name="setDataSource" desc="(Ljavax/sql/DataSource;)V" line="33"><counter type="INSTRUCTION" missed="0" covered="7"/><counter type="LINE" missed="0" covered="2"/><counter type="COMPLEXITY" missed="0" covered="1"/><counter type="METHOD" missed="0" covered="1"/></method><method name="setCourseRecommender" desc="(Lorg/example/CourseRecommender;)V" line="38"><counter type="INSTRUCTION" missed="0" covered="4"/><counter type="LINE" missed="0" covered="2"/><counter type="COMPLEXITY" missed="0" covered="1"/><counter type="METHOD" missed="0" covered="1"/></method><method name="addCourse" desc="(ILjava/lang/String;Ljava/lang/String;I)V" line="42"><counter type="INSTRUCTION" missed="28" covered="0"/><counter type="LINE" missed="3" covered="0"/><counter type="COMPLEXITY" missed="1" covered="0"/><counter type="METHOD" missed="1" covered="0"/></method><method name="updateCourse" desc="(ILorg/example/dtos/CourseDto;)V" line="50"><counter type="INSTRUCTION" missed="38" covered="0"/><counter type="LINE" missed="6" covered="0"/><counter type="COMPLEXITY" missed="1" covered="0"/><counter type="METHOD" missed="1" covered="0"/></method><method name="viewCourse" desc="(I)Lorg/example/Course;" line="59"><counter type="INSTRUCTION" missed="16" covered="0"/><counter type="LINE" missed="3" covered="0"/><counter type="COMPLEXITY" missed="1" covered="0"/><counter type="METHOD" missed="1" covered="0"/></method><method name="deleteCourse" desc="(I)V" line="70"><counter type="INSTRUCTION" missed="15" covered="0"/><counter type="LINE" missed="3" covered="0"/><counter type="COMPLEXITY" missed="1" covered="0"/><counter type="METHOD" missed="1" covered="0"/></method><method name="getRecommendedCourses" desc="(I)Ljava/util/List;" line="75"><counter type="INSTRUCTION" missed="20" covered="0"/><counter type="LINE" missed="4" covered="0"/><counter type="COMPLEXITY" missed="1" covered="0"/><counter type="METHOD" missed="1" covered="0"/></method><method name="lambda$viewCourse$0" desc="(Ljava/sql/ResultSet;I)Lorg/example/Course;" line="61"><counter type="INSTRUCTION" missed="16" covered="0"/><counter type="LINE" missed="5" covered="0"/><counter type="COMPLEXITY" missed="1" covered="0"/><counter type="METHOD" missed="1" covered="0"/></method><counter type="INSTRUCTION" missed="133" covered="20"/><counter type="LINE" missed="24" covered="8"/><counter type="COMPLEXITY" missed="6" covered="3"/><counter type="METHOD" missed="6" covered="3"/><counter type="CLASS" missed="0" covered="1"/></class><class name="org/example/repository/CourseRepository" sourcefilename="CourseRepository.java"/><class name="org/example/repository/CourseRepositoryJDBC$1" sourcefilename="CourseRepositoryJDBC.java"><method name="&lt;init&gt;" desc="(Lorg/example/repository/CourseRepositoryJDBC;)V" line="76"><counter type="INSTRUCTION" missed="3" covered="0"/><counter type="LINE" missed="1" covered="0"/><counter type="COMPLEXITY" missed="1" covered="0"/><counter type="METHOD" missed="1" covered="0"/></method><method name="mapRow" desc="(Ljava/sql/ResultSet;I)Lorg/example/Course;" line="79"><counter type="INSTRUCTION" missed="26" covered="0"/><counter type="LINE" missed="6" covered="0"/><counter type="COMPLEXITY" missed="1" covered="0"/><counter type="METHOD" missed="1" covered="0"/></method><counter type="INSTRUCTION" missed="29" covered="0"/><counter type="LINE" missed="7" covered="0"/><counter type="COMPLEXITY" missed="2" covered="0"/><counter type="METHOD" missed="2" covered="0"/><counter type="CLASS" missed="1" covered="0"/></class><sourcefile name="CourseRepositoryJDBC.java"><line nr="26" mi="0" ci="2" mb="0" cb="0"/><line nr="27" mi="0" ci="3" mb="0" cb="0"/><line nr="28" mi="0" ci="3" mb="0" cb="0"/><line nr="29" mi="0" ci="1" mb="0" cb="0"/><line nr="33" mi="0" ci="6" mb="0" cb="0"/><line nr="34" mi="0" ci="1" mb="0" cb="0"/><line nr="38" mi="0" ci="3" mb="0" cb="0"/><line nr="39" mi="0" ci="1" mb="0" cb="0"/><line nr="42" mi="2" ci="0" mb="0" cb="0"/><line nr="43" mi="25" ci="0" mb="0" cb="0"/><line nr="44" mi="1" ci="0" mb="0" cb="0"/><line nr="50" mi="3" ci="0" mb="0" cb="0"/><line nr="51" mi="3" ci="0" mb="0" cb="0"/><line nr="52" mi="4" ci="0" mb="0" cb="0"/><line nr="53" mi="2" ci="0" mb="0" cb="0"/><line nr="54" mi="25" ci="0" mb="0" cb="0"/><line nr="56" mi="1" ci="0" mb="0" cb="0"/><line nr="59" mi="2" ci="0" mb="0" cb="0"/><line nr="60" mi="12" ci="0" mb="0" cb="0"/><line nr="61" mi="5" ci="0" mb="0" cb="0"/><line nr="62" mi="3" ci="0" mb="0" cb="0"/><line nr="63" mi="3" ci="0" mb="0" cb="0"/><line nr="64" mi="3" ci="0" mb="0" cb="0"/><line nr="65" mi="2" ci="0" mb="0" cb="0"/><line nr="66" mi="2" ci="0" mb="0" cb="0"/><line nr="70" mi="2" ci="0" mb="0" cb="0"/><line nr="71" mi="12" ci="0" mb="0" cb="0"/><line nr="72" mi="1" ci="0" mb="0" cb="0"/><line nr="75" mi="2" ci="0" mb="0" cb="0"/><line nr="76" mi="17" ci="0" mb="0" cb="0"/><line nr="79" mi="4" ci="0" mb="0" cb="0"/><line nr="80" mi="5" ci="0" mb="0" cb="0"/><line nr="81" mi="5" ci="0" mb="0" cb="0"/><line nr="82" mi="5" ci="0" mb="0" cb="0"/><line nr="83" mi="5" ci="0" mb="0" cb="0"/><line nr="84" mi="2" ci="0" mb="0" cb="0"/><line nr="86" mi="2" ci="0" mb="0" cb="0"/><line nr="87" mi="2" ci="0" mb="0" cb="0"/><counter type="INSTRUCTION" missed="162" covered="20"/><counter type="LINE" missed="30" covered="8"/><counter type="COMPLEXITY" missed="8" covered="3"/><counter type="METHOD" missed="8" covered="3"/><counter type="CLASS" missed="1" covered="1"/></sourcefile><sourcefile name="CourseRepository.java"/><sourcefile name="AuthorRepository.java"/><counter type="INSTRUCTION" missed="162" covered="20"/><counter type="LINE" missed="30" covered="8"/><counter type="COMPLEXITY" missed="8" covered="3"/><counter type="METHOD" missed="8" covered="3"/><counter type="CLASS" missed="1" covered="1"/></package><package name="org/example"><class name="org/example/Application" sourcefilename="Application.java"><method name="&lt;init&gt;" desc="()V" line="8"><counter type="INSTRUCTION" missed="0" covered="3"/><counter type="LINE" missed="0" covered="1"/><counter type="COMPLEXITY" missed="0" covered="1"/><counter type="METHOD" missed="0" covered="1"/></method><method name="main" desc="([Ljava/lang/String;)V" line="13"><counter type="INSTRUCTION" missed="5" covered="0"/><counter type="LINE" missed="2" covered="0"/><counter type="COMPLEXITY" missed="1" covered="0"/><counter type="METHOD" missed="1" covered="0"/></method><counter type="INSTRUCTION" missed="5" covered="3"/><counter type="LINE" missed="2" covered="1"/><counter type="COMPLEXITY" missed="1" covered="1"/><counter type="METHOD" missed="1" covered="1"/><counter type="CLASS" missed="0" covered="1"/></class><sourcefile name="Application.java"><line nr="8" mi="0" ci="3" mb="0" cb="0"/><line nr="13" mi="4" ci="0" mb="0" cb="0"/><line nr="15" mi="1" ci="0" mb="0" cb="0"/><counter type="INSTRUCTION" missed="5" covered="3"/><counter type="LINE" missed="2" covered="1"/><counter type="COMPLEXITY" missed="1" covered="1"/><counter type="METHOD" missed="1" covered="1"/><counter type="CLASS" missed="0" covered="1"/></sourcefile><counter type="INSTRUCTION" missed="5" covered="3"/><counter type="LINE" missed="2" covered="1"/><counter type="COMPLEXITY" missed="1" covered="1"/><counter type="METHOD" missed="1" covered="1"/><counter type="CLASS" missed="0" covered="1"/></package><package name="org/example/services/impl"><class name="org/example/services/impl/CourseRecommenderImpl3" sourcefilename="CourseRecommenderImpl3.java"><method name="&lt;init&gt;" desc="()V" line="14"><counter type="INSTRUCTION" missed="0" covered="3"/><counter type="LINE" missed="0" covered="1"/><counter type="COMPLEXITY" missed="0" covered="1"/><counter type="METHOD" missed="0" covered="1"/></method><method name="init" desc="()V" line="18"><counter type="INSTRUCTION" missed="0" covered="4"/><counter type="LINE" missed="0" covered="2"/><counter type="COMPLEXITY" missed="0" covered="1"/><counter type="METHOD" missed="0" covered="1"/></method><method name="recommendedCourses" desc="()Ljava/util/List;" line="23"><counter type="INSTRUCTION" missed="0" covered="30"/><counter type="LINE" missed="0" covered="4"/><counter type="COMPLEXITY" missed="0" covered="1"/><counter type="METHOD" missed="0" covered="1"/></method><counter type="INSTRUCTION" missed="0" covered="37"/><counter type="LINE" missed="0" covered="7"/><counter type="COMPLEXITY" missed="0" covered="3"/><counter type="METHOD" missed="0" covered="3"/><counter type="CLASS" missed="0" covered="1"/></class><class name="org/example/services/impl/CourseRecommenderImpl1" sourcefilename="CourseRecommenderImpl1.java"><method name="&lt;init&gt;" desc="()V" line="10"><counter type="INSTRUCTION" missed="0" covered="3"/><counter type="LINE" missed="0" covered="1"/><counter type="COMPLEXITY" missed="0" covered="1"/><counter type="METHOD" missed="0" covered="1"/></method><method name="recommendedCourses" desc="()Ljava/util/List;" line="14"><counter type="INSTRUCTION" missed="0" covered="30"/><counter type="LINE" missed="0" covered="4"/><counter type="COMPLEXITY" missed="0" covered="1"/><counter type="METHOD" missed="0" covered="1"/></method><counter type="INSTRUCTION" missed="0" covered="33"/><counter type="LINE" missed="0" covered="5"/><counter type="COMPLEXITY" missed="0" covered="2"/><counter type="METHOD" missed="0" covered="2"/><counter type="CLASS" missed="0" covered="1"/></class><sourcefile name="CourseRecommenderImpl1.java"><line nr="10" mi="0" ci="3" mb="0" cb="0"/><line nr="14" mi="0" ci="8" mb="0" cb="0"/><line nr="15" mi="0" ci="8" mb="0" cb="0"/><line nr="16" mi="0" ci="11" mb="0" cb="0"/><line nr="17" mi="0" ci="3" mb="0" cb="0"/><counter type="INSTRUCTION" missed="0" covered="33"/><counter type="LINE" missed="0" covered="5"/><counter type="COMPLEXITY" missed="0" covered="2"/><counter type="METHOD" missed="0" covered="2"/><counter type="CLASS" missed="0" covered="1"/></sourcefile><sourcefile name="CourseRecommenderImpl3.java"><line nr="14" mi="0" ci="3" mb="0" cb="0"/><line nr="18" mi="0" ci="3" mb="0" cb="0"/><line nr="19" mi="0" ci="1" mb="0" cb="0"/><line nr="23" mi="0" ci="8" mb="0" cb="0"/><line nr="24" mi="0" ci="8" mb="0" cb="0"/><line nr="25" mi="0" ci="11" mb="0" cb="0"/><line nr="26" mi="0" ci="3" mb="0" cb="0"/><counter type="INSTRUCTION" missed="0" covered="37"/><counter type="LINE" missed="0" covered="7"/><counter type="COMPLEXITY" missed="0" covered="3"/><counter type="METHOD" missed="0" covered="3"/><counter type="CLASS" missed="0" covered="1"/></sourcefile><counter type="INSTRUCTION" missed="0" covered="70"/><counter type="LINE" missed="0" covered="12"/><counter type="COMPLEXITY" missed="0" covered="5"/><counter type="METHOD" missed="0" covered="5"/><counter type="CLASS" missed="0" covered="2"/></package><counter type="INSTRUCTION" missed="262" covered="479"/><counter type="BRANCH" missed="8" covered="8"/><counter type="LINE" missed="55" covered="123"/><counter type="COMPLEXITY" missed="25" covered="45"/><counter type="METHOD" missed="17" covered="45"/><counter type="CLASS" missed="2" covered="16"/></report>