<?xml version="1.0" encoding="UTF-8"?>
<testsuite xmlns:xsi="http://www.w3.org/2001/XMLSchema-instance" xsi:noNamespaceSchemaLocation="https://maven.apache.org/surefire/maven-surefire-plugin/xsd/surefire-test-report-3.0.xsd" version="3.0" name="org.example.controller.AuthorControllerTests" time="1.762" tests="3" errors="0" skipped="0" failures="0">
  <properties>
[...]
</properties>
  <testcase name="AuthorController_AuthorNotFound_ReturnsString" classname="org.example.controller.AuthorControllerTests" time="0.388">
    <system-out><![CDATA[2024-10-15T23:53:36.592+03:00  INFO 13624 --- [           main] t.c.s.AnnotationConfigContextLoaderUtils : Could not detect default configuration classes for test class [org.example.controller.AuthorControllerTests]: AuthorControllerTests does not declare any static, non-private, non-final, nested classes annotated with @Configuration.
2024-10-15T23:53:36.645+03:00  INFO 13624 --- [           main] .b.t.c.SpringBootTestContextBootstrapper : Found @SpringBootConfiguration org.example.Application for test class org.example.controller.AuthorControllerTests
2024-10-15T23:53:36.650+03:00  INFO 13624 --- [           main] o.s.b.d.r.RestartApplicationListener     : Restart disabled due to context in which it is running

  .   ____          _            __ _ _
 /\\ / ___'_ __ _ _(_)_ __  __ _ \ \ \ \
( ( )\___ | '_ | '_| | '_ \/ _` | \ \ \ \
 \\/  ___)| |_)| | | | | || (_| |  ) ) ) )
  '  |____| .__|_| |_|_| |_\__, | / / / /
 =========|_|==============|___/=/_/_/_/

 :: Spring Boot ::                (v3.3.2)

2024-10-15T23:53:36.676+03:00  INFO 13624 --- [           main] o.e.controller.AuthorControllerTests     : Starting AuthorControllerTests using Java 21.0.4 with PID 13624 (started by kkhaleel in C:\Users\kkhaleel\Downloads\TasksSumerge\Project1)
2024-10-15T23:53:36.676+03:00  INFO 13624 --- [           main] o.e.controller.AuthorControllerTests     : No active profile set, falling back to 1 default profile: "default"
2024-10-15T23:53:37.410+03:00  WARN 13624 --- [           main] .s.s.UserDetailsServiceAutoConfiguration : 

Using generated security password: 6e87c035-f25e-45b2-84e3-ca57dbd1d5cf

This generated password is for development use only. Your security configuration must be updated before running your application in production.

2024-10-15T23:53:37.412+03:00  INFO 13624 --- [           main] r$InitializeUserDetailsManagerConfigurer : Global AuthenticationManager configured with UserDetailsService bean with name inMemoryUserDetailsManager
2024-10-15T23:53:37.536+03:00  INFO 13624 --- [           main] o.s.b.t.m.w.SpringBootMockServletContext : Initializing Spring TestDispatcherServlet ''
2024-10-15T23:53:37.536+03:00  INFO 13624 --- [           main] o.s.t.web.servlet.TestDispatcherServlet  : Initializing Servlet ''
2024-10-15T23:53:37.539+03:00  INFO 13624 --- [           main] o.s.t.web.servlet.TestDispatcherServlet  : Completed initialization in 3 ms
2024-10-15T23:53:37.569+03:00  INFO 13624 --- [           main] o.e.controller.AuthorControllerTests     : Started AuthorControllerTests in 0.92 seconds (process running for 13.407)
]]></system-out>
  </testcase>
  <testcase name="AuthorController_AddAuthor_ReturnAuthorDto" classname="org.example.controller.AuthorControllerTests" time="0.351"/>
  <testcase name="AuthorController_GetAuthorByEmail_ReturnAuthorDto" classname="org.example.controller.AuthorControllerTests" time="0.007"/>
</testsuite>